<?xml version="1.0" encoding="UTF-8"?>
<testsuite name="LettersTests" tests="1" skipped="0" failures="0" errors="0" timestamp="2025-03-11T14:20:30" hostname="HP15S" time="0.008">
  <properties/>
  <testcase name="testSolution" classname="LettersTests" time="0.008"/>
  <system-out><![CDATA[]]></system-out>
  <system-err><![CDATA[]]></system-err>
</testsuite>
