<?xml version="1.0" encoding="UTF-8"?>
<testsuite name="WordCutterTests" tests="1" skipped="0" failures="0" errors="0" timestamp="2025-03-11T14:14:23" hostname="HP15S" time="0.007">
  <properties/>
  <testcase name="testSolution" classname="WordCutterTests" time="0.007"/>
  <system-out><![CDATA[]]></system-out>
  <system-err><![CDATA[]]></system-err>
</testsuite>
