<?xml version="1.0" encoding="UTF-8"?>
<testsuite name="AverageTests" tests="1" skipped="0" failures="0" errors="0" timestamp="2025-03-11T14:23:04" hostname="HP15S" time="0.007">
  <properties/>
  <testcase name="testSolution" classname="AverageTests" time="0.007"/>
  <system-out><![CDATA[]]></system-out>
  <system-err><![CDATA[]]></system-err>
</testsuite>
