<?xml version="1.0" encoding="UTF-8"?>
<testsuite name="SheepTests" tests="1" skipped="0" failures="0" errors="0" timestamp="2025-03-11T14:08:12" hostname="HP15S" time="0.006">
  <properties/>
  <testcase name="testSolution" classname="SheepTests" time="0.006"/>
  <system-out><![CDATA[]]></system-out>
  <system-err><![CDATA[]]></system-err>
</testsuite>
